-------------------------------------------------------------------------------
Test set: com.example.employee.EmployeeApplicationTests
-------------------------------------------------------------------------------
Tests run: 1, Failures: 0, Errors: 1, Skipped: 0, Time elapsed: 8.94 s <<< FAILURE! - in com.example.employee.EmployeeApplicationTests
contextLoads  Time elapsed: 0.019 s  <<< ERROR!
java.lang.IllegalStateException: Failed to load ApplicationContext for [WebMergedContextConfiguration@230d013b testClass = com.example.employee.EmployeeApplicationTests, locations = [], classes = [com.example.employee.EmployeeApplication], contextInitializerClasses = [], activeProfiles = [], propertySourceLocations = [], propertySourceProperties = ["org.springframework.boot.test.context.SpringBootTestContextBootstrapper=true"], contextCustomizers = [org.springframework.boot.test.context.filter.ExcludeFilterContextCustomizer@1bae316d, org.springframework.boot.test.json.DuplicateJsonObjectContextCustomizerFactory$DuplicateJsonObjectContextCustomizer@5026735c, org.springframework.boot.test.mock.mockito.MockitoContextCustomizer@0, org.springframework.boot.test.web.client.TestRestTemplateContextCustomizer@5a9f4771, org.springframework.boot.test.autoconfigure.actuate.observability.ObservabilityContextCustomizerFactory$DisableObservabilityContextCustomizer@9da1, org.springframework.boot.test.autoconfigure.properties.PropertyMappingContextCustomizer@0, org.springframework.boot.test.autoconfigure.web.servlet.WebDriverContextCustomizerFactory$Customizer@7c214cc0, org.springframework.boot.test.context.SpringBootTestAnnotation@e664a8e], resourceBasePath = "src/main/webapp", contextLoader = org.springframework.boot.test.context.SpringBootContextLoader, parent = null]
Caused by: org.springframework.beans.factory.UnsatisfiedDependencyException: Error creating bean with name 'attendanceController': Unsatisfied dependency expressed through field 'attendanceService': Error creating bean with name 'attendanceService' defined in file [C:\Users\ajmer\Downloads\employee\employee\target\classes\com\example\employee\service\AttendanceService.class]: Unsatisfied dependency expressed through constructor parameter 0: Error creating bean with name 'employeeRepository' defined in com.example.employee.repository.EmployeeRepository defined in @EnableJpaRepositories declared on JpaRepositoriesRegistrar.EnableJpaRepositoriesConfiguration: Could not create query for public abstract java.util.List com.example.employee.repository.EmployeeRepository.findByCityAndAttendanceDayAndAttendanceIsPresent(java.lang.String,java.lang.Integer,java.lang.Boolean); Reason: Failed to create query for method public abstract java.util.List com.example.employee.repository.EmployeeRepository.findByCityAndAttendanceDayAndAttendanceIsPresent(java.lang.String,java.lang.Integer,java.lang.Boolean); No property 'attendanceDay' found for type 'Employee'
Caused by: org.springframework.beans.factory.UnsatisfiedDependencyException: Error creating bean with name 'attendanceService' defined in file [C:\Users\ajmer\Downloads\employee\employee\target\classes\com\example\employee\service\AttendanceService.class]: Unsatisfied dependency expressed through constructor parameter 0: Error creating bean with name 'employeeRepository' defined in com.example.employee.repository.EmployeeRepository defined in @EnableJpaRepositories declared on JpaRepositoriesRegistrar.EnableJpaRepositoriesConfiguration: Could not create query for public abstract java.util.List com.example.employee.repository.EmployeeRepository.findByCityAndAttendanceDayAndAttendanceIsPresent(java.lang.String,java.lang.Integer,java.lang.Boolean); Reason: Failed to create query for method public abstract java.util.List com.example.employee.repository.EmployeeRepository.findByCityAndAttendanceDayAndAttendanceIsPresent(java.lang.String,java.lang.Integer,java.lang.Boolean); No property 'attendanceDay' found for type 'Employee'
Caused by: org.springframework.beans.factory.BeanCreationException: Error creating bean with name 'employeeRepository' defined in com.example.employee.repository.EmployeeRepository defined in @EnableJpaRepositories declared on JpaRepositoriesRegistrar.EnableJpaRepositoriesConfiguration: Could not create query for public abstract java.util.List com.example.employee.repository.EmployeeRepository.findByCityAndAttendanceDayAndAttendanceIsPresent(java.lang.String,java.lang.Integer,java.lang.Boolean); Reason: Failed to create query for method public abstract java.util.List com.example.employee.repository.EmployeeRepository.findByCityAndAttendanceDayAndAttendanceIsPresent(java.lang.String,java.lang.Integer,java.lang.Boolean); No property 'attendanceDay' found for type 'Employee'
Caused by: org.springframework.data.repository.query.QueryCreationException: Could not create query for public abstract java.util.List com.example.employee.repository.EmployeeRepository.findByCityAndAttendanceDayAndAttendanceIsPresent(java.lang.String,java.lang.Integer,java.lang.Boolean); Reason: Failed to create query for method public abstract java.util.List com.example.employee.repository.EmployeeRepository.findByCityAndAttendanceDayAndAttendanceIsPresent(java.lang.String,java.lang.Integer,java.lang.Boolean); No property 'attendanceDay' found for type 'Employee'
Caused by: java.lang.IllegalArgumentException: Failed to create query for method public abstract java.util.List com.example.employee.repository.EmployeeRepository.findByCityAndAttendanceDayAndAttendanceIsPresent(java.lang.String,java.lang.Integer,java.lang.Boolean); No property 'attendanceDay' found for type 'Employee'
Caused by: org.springframework.data.mapping.PropertyReferenceException: No property 'attendanceDay' found for type 'Employee'

